<?xml version="1.0" encoding="UTF-8"?>
<testng-results ignored="0" total="1" passed="1" failed="0" skipped="0">
  <reporter-output>
  </reporter-output>
  <suite started-at="2023-04-13T17:16:23 IST" name="Default suite" finished-at="2023-04-13T17:16:27 IST" duration-ms="4125">
    <groups>
    </groups>
    <test started-at="2023-04-13T17:16:23 IST" name="Default test" finished-at="2023-04-13T17:16:27 IST" duration-ms="4125">
      <class name="test_script.RunnerClass">
        <test-method signature="validLogin()[pri:0, instance:test_script.RunnerClass@5ace1ed4]" started-at="2023-04-13T17:16:23 IST" name="validLogin" finished-at="2023-04-13T17:16:27 IST" duration-ms="4017" status="PASS">
          <reporter-output>
          </reporter-output>
        </test-method> <!-- validLogin -->
      </class> <!-- test_script.RunnerClass -->
    </test> <!-- Default test -->
  </suite> <!-- Default suite -->
</testng-results>
